C51 COMPILER V9.54   ATK_ESP8266                                                           07/25/2022 18:55:36 PAGE 1   


C51 COMPILER V9.54, COMPILATION OF MODULE ATK_ESP8266
OBJECT MODULE PLACED IN .\Objects\atk-esp8266.obj
COMPILER INVOKED BY: D:\keil\C51\BIN\C51.EXE hardware\atk-esp8266.c OPTIMIZE(8,SPEED) BROWSE INCDIR(D:\µ¥Æ¬»úÏîÄ¿\51\ÐÂ½
                    -¨ÎÄ¼þ¼Ð\hardware;D:\µ¥Æ¬»úÏîÄ¿\51\ÐÂ½¨ÎÄ¼þ¼Ð\software) DEBUG OBJECTEXTEND PRINT(.\Listings\atk-esp8266.lst) OBJECT(.\Obj
                    -ects\atk-esp8266.obj)

line level    source

   1          #include <REGX51.H>
   2          #include <string.h>
   3          #include "uart.h"
   4          
   5          #include "delay.h"
   6          
   7          void Esp8266_Init()
   8          {
   9   1              Uart_SendStr("\r\n");
  10   1              delay(1000);                        //ÑÓÊ±      
  11   1              Uart_SendStr("AT+CWMODE=3\r\n");        //ÉèÖÃESP8266¹¤×÷ÔÚAP+STAÄ£Ê½ÏÂ
  12   1      //      Uart_SendStr("\r\n");
  13   1              delay(1000);
  14   1              Uart_SendStr("AT+CWJAP=\"Shinobu\",\"qweasdzxc12345\"\r\n");
  15   1              delay(1000);
  16   1              Uart_SendStr("AT+CIFSR\r\n");
  17   1              delay(1000);
  18   1              Uart_SendStr("AT+CIPSTART=\"TCP\",\"192.168.0.103\",8080\r\n");
  19   1              delay(1000);
  20   1      ////    Uart_SendStr("AT+CIPMUX=1\r\n");        //ÔÊÐí¶àÁ¬½Ó
  21   1      //      delay(3000);
  22   1      //      
  23   1      ////    Uart_SendStr("AT+CWQAP\r\n");
  24   1      ////    delay(1000);
  25   1      
  26   1      
  27   1      }


MODULE INFORMATION:   STATIC OVERLAYABLE
   CODE SIZE        =     80    ----
   CONSTANT SIZE    =    107    ----
   XDATA SIZE       =   ----    ----
   PDATA SIZE       =   ----    ----
   DATA SIZE        =   ----    ----
   IDATA SIZE       =   ----    ----
   BIT SIZE         =   ----    ----
END OF MODULE INFORMATION.


C51 COMPILATION COMPLETE.  0 WARNING(S),  0 ERROR(S)
