C51 COMPILER V9.54   DELAY                                                                 09/28/2022 21:07:27 PAGE 1   


C51 COMPILER V9.54, COMPILATION OF MODULE DELAY
OBJECT MODULE PLACED IN .\Objects\DELAY.obj
COMPILER INVOKED BY: D:\keil5\C51\BIN\C51.EXE software\DELAY.c OPTIMIZE(8,SPEED) BROWSE INCDIR(.\hardware;.\software) DE
                    -BUG OBJECTEXTEND PRINT(.\Listings\DELAY.lst) TABS(2) OBJECT(.\Objects\DELAY.obj)

line level    source

   1          #include <REGX51.H>
   2          #include <intrins.h>
   3          void delay(int xms)
   4          {
   5   1        unsigned char i, j;
   6   1        while(xms!=0)
   7   1        {
   8   2         _nop_();
   9   2        i = 11;
  10   2        j = 190;
  11   2        do
  12   2        {
  13   3          while (--j);
  14   3        } while (--i);
  15   2         xms--;
  16   2       } 
  17   1      
  18   1      }
  19          void Delay5us()   //@11.0592MHz
  20          {
  21   1        unsigned char i;
  22   1      
  23   1        _nop_();
  24   1        _nop_();
  25   1        _nop_();
  26   1        i = 10;
  27   1        while (--i);
  28   1      }
  29          
  30          
  31          void Delay10us()    //@11.0592MHz
  32          {
  33   1        unsigned char i;
  34   1      
  35   1        _nop_();
  36   1        _nop_();
  37   1        _nop_();
  38   1        i = 24;
  39   1        while (--i);
  40   1      }
  41          
  42          


MODULE INFORMATION:   STATIC OVERLAYABLE
   CODE SIZE        =     37    ----
   CONSTANT SIZE    =   ----    ----
   XDATA SIZE       =   ----    ----
   PDATA SIZE       =   ----    ----
   DATA SIZE        =   ----    ----
   IDATA SIZE       =   ----    ----
   BIT SIZE         =   ----    ----
END OF MODULE INFORMATION.


C51 COMPILATION COMPLETE.  0 WARNING(S),  0 ERROR(S)
