C51 COMPILER V9.54   DISTANCE_TIMECOUNT                                                    09/28/2022 21:07:27 PAGE 1   


C51 COMPILER V9.54, COMPILATION OF MODULE DISTANCE_TIMECOUNT
OBJECT MODULE PLACED IN .\Objects\distance_timeCount.obj
COMPILER INVOKED BY: D:\keil5\C51\BIN\C51.EXE software\distance_timeCount.c OPTIMIZE(8,SPEED) BROWSE INCDIR(.\hardware;.
                    -\software) DEBUG OBJECTEXTEND PRINT(.\Listings\distance_timeCount.lst) TABS(2) OBJECT(.\Objects\distance_timeCount.obj)

line level    source

   1          #include <REGX51.H>
   2          
   3          
   4          void Timer0Init()   //@11.0592MHz
   5          {
   6   1        TMOD =0x01;   //设置定时器模式
   7   1        TL1 = 0;    //设置定时初值
   8   1        TH1 = 0;    //设置定时初值
   9   1        ET0=1;
  10   1        TR0 = 0;
  11   1          EA=1;
  12   1      }


MODULE INFORMATION:   STATIC OVERLAYABLE
   CODE SIZE        =     15    ----
   CONSTANT SIZE    =   ----    ----
   XDATA SIZE       =   ----    ----
   PDATA SIZE       =   ----    ----
   DATA SIZE        =   ----    ----
   IDATA SIZE       =   ----    ----
   BIT SIZE         =   ----    ----
END OF MODULE INFORMATION.


C51 COMPILATION COMPLETE.  0 WARNING(S),  0 ERROR(S)
