C51 COMPILER V9.54   I2C                                                                   09/28/2022 21:07:27 PAGE 1   


C51 COMPILER V9.54, COMPILATION OF MODULE I2C
OBJECT MODULE PLACED IN .\Objects\I2C.obj
COMPILER INVOKED BY: D:\keil5\C51\BIN\C51.EXE software\I2C.c OPTIMIZE(8,SPEED) BROWSE INCDIR(.\hardware;.\software) DEBU
                    -G OBJECTEXTEND PRINT(.\Listings\I2C.lst) TABS(2) OBJECT(.\Objects\I2C.obj)

line level    source

   1          #include <REGX52.H>
   2          #include "delay.h"
   3          #include "port.h"
   4          
   5          /**
   6            * @brief  I2C开始
   7            * @param  无
   8            * @retval 无
   9            */
  10          void IIC_start(void)
  11          {
  12   1        I2C_SDA=1;
  13   1        I2C_SCL=1;
  14   1        Delay5us();
  15   1        I2C_SDA=0;
  16   1        Delay5us();
  17   1        I2C_SCL=0;
  18   1      }
  19          
  20          /**
  21            * @brief  I2C停止
  22            * @param  无
  23            * @retval 无
  24            */
  25          void IIC_stop(void)
  26          {
  27   1        I2C_SDA=0;
  28   1        I2C_SCL=1;
  29   1        Delay5us();
  30   1        I2C_SDA=1;
  31   1        Delay5us();
  32   1      }
  33          
  34          
  35          /**
  36            * @brief  I2C发送一个字节
  37            * @param  Byte 要发送的字节
  38            * @retval 无
  39            */
  40          void I2C_SendByte(unsigned char Byte)
  41          {
  42   1        unsigned char i;
  43   1        for(i=0;i<8;i++)
  44   1        {
  45   2          I2C_SDA=Byte&(0x80>>i);
  46   2          I2C_SCL=1;
  47   2          Delay5us();
  48   2          I2C_SCL=0;
  49   2          Delay5us();
  50   2        }
  51   1      }
  52          
  53          /**
  54            * @brief  I2C接收一个字节
C51 COMPILER V9.54   I2C                                                                   09/28/2022 21:07:27 PAGE 2   

  55            * @param  无
  56            * @retval 接收到的一个字节数据
  57            */
  58          unsigned char I2C_ReceiveByte(void)
  59          {
  60   1        unsigned char i,Byte=0x00;
  61   1        I2C_SDA=1;
  62   1        for(i=0;i<8;i++)
  63   1        {
  64   2          I2C_SCL=1;
  65   2          Delay5us();
  66   2          if(I2C_SDA){Byte|=(0x80>>i);}
  67   2          I2C_SCL=0;
  68   2          Delay5us();
  69   2        }
  70   1        return Byte;
  71   1      }
  72          
  73          /**
  74            * @brief  I2C发送应答
  75            * @param  AckBit 应答位，0为应答，1为非应答
  76            * @retval 无
  77            */
  78          void I2C_SendAck(unsigned char AckBit)
  79          {
  80   1        I2C_SDA=AckBit;
  81   1        I2C_SCL=1;
  82   1        Delay5us();
  83   1        I2C_SCL=0;
  84   1        Delay5us();
  85   1      }
  86          
  87          /**
  88            * @brief  I2C接收应答位
  89            * @param  无
  90            * @retval 接收到的应答位，0为应答，1为非应答
  91            */
  92          unsigned char I2C_ReceiveAck(void)
  93          {
  94   1        unsigned char AckBit;
  95   1        I2C_SDA=1;
  96   1        Delay5us();
  97   1        I2C_SCL=1;
  98   1        AckBit=I2C_SDA;
  99   1        I2C_SCL=0;
 100   1        Delay5us();
 101   1        return AckBit;
 102   1      }


MODULE INFORMATION:   STATIC OVERLAYABLE
   CODE SIZE        =    160    ----
   CONSTANT SIZE    =   ----    ----
   XDATA SIZE       =   ----    ----
   PDATA SIZE       =   ----    ----
   DATA SIZE        =   ----       5
   IDATA SIZE       =   ----    ----
   BIT SIZE         =   ----    ----
END OF MODULE INFORMATION.


C51 COMPILATION COMPLETE.  0 WARNING(S),  0 ERROR(S)
