C51 COMPILER V9.54   MAIN                                                                  09/28/2022 21:07:26 PAGE 1   


C51 COMPILER V9.54, COMPILATION OF MODULE MAIN
OBJECT MODULE PLACED IN .\Objects\main.obj
COMPILER INVOKED BY: D:\keil5\C51\BIN\C51.EXE main.c OPTIMIZE(8,SPEED) BROWSE INCDIR(.\hardware;.\software) DEBUG OBJECT
                    -EXTEND PRINT(.\Listings\main.lst) TABS(2) OBJECT(.\Objects\main.obj)

line level    source

   1          #include <REGX51.H>
   2          #include "step.h"
   3          #include "delay.h"
   4          #include "ESP8266.H"
   5          #include "uart.h"
   6          #include "OLED.h"
   7          #include "BMP.H"
   8          #include "distance.H"
   9          #include "distance_timeCount.h"
  10          
  11          unsigned char Recive_table[4];
  12          unsigned int commodityNum =10;//货物总量
  13          unsigned int i=0;//distance是用来接收超声波测距的数据的变量
  14          unsigned char stepFlag=0;//步进电机的启停信号标志
  15          unsigned char cnFlag=0;//货物是否位空标记
  16          
  17          
  18          void print()
  19          {
  20   1        OLED_print_single_word(1,2,"现",0);
  21   1        OLED_print_single_word(1,4,"有",0);
  22   1        OLED_print_single_word(1,6,"货",0);
  23   1        OLED_print_single_word(1,8,"物",0);
  24   1        OLED_print_text(1,10,":",0);
  25   1      }
  26          
  27          void main (void)
  28          {
  29   1        unsigned int distance;
  30   1        Uart_Init();
  31   1        Timer0Init();
  32   1        OLED_init();
  33   1        Esp8266_Init();
  34   1      
  35   1        while(1)
  36   1        {
  37   2          distance=distance_Data();
  38   2      //    if(P3_3==0)
  39   2      //    {
  40   2      //      stepFlag=0;
  41   2      //      MotoStop();
  42   2      //      if(commodityNum!=0)
  43   2      //      {
  44   2      //        commodityNum--;
  45   2      //      }else{cnFlag=1;OLED_clear();}
  46   2      //      
  47   2      //    }
  48   2      //    if(stepFlag==1)
  49   2      //    {
  50   2      //      MotorRun(360,0,2);
  51   2      //      delay(10);
  52   2      //    }
  53   2      //    if(cnFlag==1)
  54   2      //    {
C51 COMPILER V9.54   MAIN                                                                  09/28/2022 21:07:26 PAGE 2   

  55   2      //      OLED_print_text(1,2,"N U L L !",0);
  56   2      //    }else 
  57   2      //    {
  58   2      //      print();
  59   2      //      OLED_ShowNum(1,12,commodityNum);  
  60   2      //    }
  61   2      
  62   2      
  63   2        }
  64   1      }
  65          
  66          void UART_Routine(void) interrupt 4
  67          {
  68   1      
  69   1        if(RI==1)
  70   1        {
  71   2          RI = 0;
  72   2          if(i>3){i=0;}else{Recive_table[i++] = SBUF;}
  73   2          if(Recive_table[0]=='o' && Recive_table[1]=='p' && Recive_table[2]=='e'&& Recive_table[3]=='n')
  74   2          {
  75   3            stepFlag=1;
  76   3            Uart_SendStr("123");
  77   3          }
  78   2      
  79   2        }
  80   1      } 


MODULE INFORMATION:   STATIC OVERLAYABLE
   CODE SIZE        =    227    ----
   CONSTANT SIZE    =   1046    ----
   XDATA SIZE       =   ----    ----
   PDATA SIZE       =   ----    ----
   DATA SIZE        =     10       2
   IDATA SIZE       =   ----    ----
   BIT SIZE         =   ----    ----
END OF MODULE INFORMATION.


C51 COMPILATION COMPLETE.  0 WARNING(S),  0 ERROR(S)
