C51 COMPILER V9.54   STEP                                                                  09/28/2022 21:07:27 PAGE 1   


C51 COMPILER V9.54, COMPILATION OF MODULE STEP
OBJECT MODULE PLACED IN .\Objects\step.obj
COMPILER INVOKED BY: D:\keil5\C51\BIN\C51.EXE hardware\step.c OPTIMIZE(8,SPEED) BROWSE INCDIR(.\hardware;.\software) DEB
                    -UG OBJECTEXTEND PRINT(.\Listings\step.lst) TABS(2) OBJECT(.\Objects\step.obj)

line level    source

   1          #include  "reg51.h"
   2          #include <intrins.h>
   3          #include "delay.h"
   4          #define uint unsigned int
   5          #define uchar unsigned char
   6          uchar mark;
   7          sbit MA=P1^0;
   8          sbit MB=P1^1;
   9          sbit MC=P1^2;
  10          sbit MD=P1^3;
  11          
  12          /*
  13          angleï¼šè§’åº¦ï¼ŒèŒƒå›´[0,360]
  14          drctï¼šæ—‹è½¬æ–¹å‘ï¼Œ0ï¼šé¡ºæ—¶é’ˆï¼Œ1ï¼šé€†æ—¶é’ˆ
  15          speedï¼šè½¬é€Ÿï¼ŒèŒƒå›´[1,100]
  16          */
  17          void MotorRun(uint angle,uint drct,uint speed)
  18          {
  19   1        uint step=0;
  20   1        uint nangle;
  21   1        nangle=(long)512*angle/45;//å°†è§’åº¦æ¢ç®—æˆæ‹æ•°ï¼Œè®¡ç®—ç»“æœè‡ªåŠ¨å–æ•´
  22   1        if(drct==0)
  23   1        {
  24   2          while(nangle--)
  25   2          {
  26   3            switch(step)//8æ‹æ–¹å¼é©±åŠ¨ï¼Œæ¯æ‹è½¬(5.265/64)åº¦
  27   3            {
  28   4              case 0:MA=1;MB=0;MC=0;MD=0;break;
  29   4              case 1:MA=1;MB=1;MC=0;MD=0;break;
  30   4              case 2:MA=0;MB=1;MC=0;MD=0;break;
  31   4              case 3:MA=0;MB=1;MC=1;MD=0;break;
  32   4              case 4:MA=0;MB=0;MC=1;MD=0;break;
  33   4              case 5:MA=0;MB=0;MC=1;MD=1;break;
  34   4              case 6:MA=0;MB=0;MC=0;MD=1;break;
  35   4              case 7:MA=1;MB=0;MC=0;MD=1;break;
  36   4            }
  37   3            
  38   3            step%=7;
  39   3            step++;
  40   3            delay(speed);//è¿™é‡Œå¯ä»¥é€‚å½“æ”¹åŠ¨ï¼Œå»¶æ—¶æ—¶é—´çŸ­åˆ™è½¬é€Ÿå¿«ï¼Œä½†æ˜¯æ—¶é—´å¤ªçŸ­ä¼šé€ æˆç”µæ
             -œºå µè½¬ï¼ˆä¸è½¬äº†ï¼‰
  41   3          }
  42   2          mark=1;
  43   2        }
  44   1        else if(drct==1)
  45   1        {
  46   2          while(nangle--)
  47   2          {
  48   3            switch(step)
  49   3            {
  50   4              case 0:MA=1;MB=0;MC=0;MD=1;break;
  51   4              case 1:MA=0;MB=0;MC=0;MD=1;break;
  52   4              case 2:MA=0;MB=0;MC=1;MD=1;break;
  53   4              case 3:MA=0;MB=0;MC=1;MD=0;break;
C51 COMPILER V9.54   STEP                                                                  09/28/2022 21:07:27 PAGE 2   

  54   4              case 4:MA=0;MB=1;MC=1;MD=0;break;
  55   4              case 5:MA=0;MB=1;MC=0;MD=0;break;
  56   4              case 6:MA=1;MB=1;MC=0;MD=0;break;
  57   4              case 7:MA=1;MB=0;MC=0;MD=0;break;
  58   4            }
  59   3            step%=7;
  60   3            step++;
  61   3            delay(speed);//è¿™é‡Œå¯ä»¥é€‚å½“æ”¹åŠ¨ï¼Œå»¶æ—¶æ—¶é—´çŸ­åˆ™è½¬é€Ÿå¿«ï¼Œä½†æ˜¯æ—¶é—´å¤ªçŸ­ä¼šé€ æˆç”µæ
             -œºå µè½¬ï¼ˆä¸è½¬äº†ï¼‰     
  62   3          }
  63   2          mark=0;
  64   2        }
  65   1        
  66   1      }
  67          void MotoStop()
  68          {
  69   1      MA=0;MB=0;MC=0;MD=0;
  70   1      }


MODULE INFORMATION:   STATIC OVERLAYABLE
   CODE SIZE        =    373    ----
   CONSTANT SIZE    =   ----    ----
   XDATA SIZE       =   ----    ----
   PDATA SIZE       =   ----    ----
   DATA SIZE        =      1       8
   IDATA SIZE       =   ----    ----
   BIT SIZE         =   ----    ----
END OF MODULE INFORMATION.


C51 COMPILATION COMPLETE.  0 WARNING(S),  0 ERROR(S)
